<?xml version="1.0" encoding="UTF-8"?>
<!-- Generated by org.testng.reporters.JUnitReportReporter -->
<testsuite hostname="DESKTOP-7M17TF6" failures="0" tests="1" name="git.Git" time="106.909" errors="0" timestamp="2023-11-22T22:12:24 IST" skipped="0">
  <testcase classname="git.Git" name="a" time="106.909"/>
  <system-out/>
</testsuite> <!-- git.Git -->
